<?xml version="1.0" encoding="UTF-8"?>
<testng-results ignored="0" total="2" passed="2" failed="0" skipped="0">
  <reporter-output>
  </reporter-output>
  <suite started-at="2022-07-03T15:44:03 IST" name="Default suite" finished-at="2022-07-03T15:44:20 IST" duration-ms="17316">
    <groups>
    </groups>
    <test started-at="2022-07-03T15:44:03 IST" name="Default test" finished-at="2022-07-03T15:44:20 IST" duration-ms="17316">
      <class name="com.ecomm.tests.EcommTest">
        <test-method is-config="true" signature="OpenBrowser()[pri:0, instance:com.ecomm.tests.EcommTest@932bc4a]" started-at="2022-07-03T15:44:03 IST" name="OpenBrowser" finished-at="2022-07-03T15:44:08 IST" duration-ms="4625" status="PASS">
          <reporter-output>
          </reporter-output>
        </test-method> <!-- OpenBrowser -->
        <test-method signature="loginTest()[pri:0, instance:com.ecomm.tests.EcommTest@932bc4a]" started-at="2022-07-03T15:44:08 IST" name="loginTest" finished-at="2022-07-03T15:44:13 IST" duration-ms="5222" status="PASS">
          <reporter-output>
          </reporter-output>
        </test-method> <!-- loginTest -->
        <test-method signature="addcat()[pri:0, instance:com.ecomm.tests.EcommTest@932bc4a]" started-at="2022-07-03T15:44:13 IST" name="addcat" finished-at="2022-07-03T15:44:20 IST" depends-on-methods="com.ecomm.tests.EcommTest.loginTest" duration-ms="7289" status="PASS">
          <reporter-output>
          </reporter-output>
        </test-method> <!-- addcat -->
      </class> <!-- com.ecomm.tests.EcommTest -->
    </test> <!-- Default test -->
  </suite> <!-- Default suite -->
</testng-results>
